2024-10-01 22:50:48,974 DEBUG    root            Loaded Command Group: ['gcloud', 'config']
2024-10-01 22:50:48,975 DEBUG    root            Loaded Command Group: ['gcloud', 'config', 'config_helper']
2024-10-01 22:50:48,977 DEBUG    root            Running [gcloud.config.config-helper] with arguments: [--format: "json", --min-expiry: "1800"]
2024-10-01 22:50:48,990 DEBUG    root            Chosen display Format:default json
2024-10-01 22:50:48,990 INFO     root            Display format: "default json"
2024-10-01 22:50:49,003 INFO     ___FILE_ONLY___ {
  "configuration": {
    "active_configuration": "default",
    "properties": {
      "compute": {
        "region": "us-central1"
      },
      "core": {
        "account": "454113875580-compute@developer.gserviceaccount.com",
        "disable_usage_reporting": "True",
        "project": "fast-ethos-437320-q8"
      },
      "dataproc": {
        "region": "us-central1"
      }
    }
  },
  "credential": {
    "access_token": "ya29.c.c0ASRK0GZVphv5YmDPsWLhQF97ODb0iFfTkHXBwMohWwD8UZFQGclVndtgR3poBJNCnGYzDGlntcekUPVPOOYgV21uiN6DYv1kMl7mnzq-hBB3q3e9k4vMWo7cLlemvUM3N1s9JJ4eAR3nJjoJWSiv8A_fZEVAc20TJ9zC7vGE6Bw7oCVnDnK5VBv0ypucLjgHVB6IqsxOJfoIXBYa7OFmtdbVYiU1n9Gf5p0M7JgMYNoqi9cx2zrF5HDZ61pqFL58LTV7rRzS9AyIosczzYiprc3Vfad9mkk5QlNK-mV_ORlKDUQvVarMbhlKkTISo4NwL9Qd77Jx2x4jsoYOmSWl_tFYbHCt15EPBltkRQuyGYoG2Zdf3qUMZTkWPmSqB5TJZXLXBevWB2KQccL73rh_T413K28mUWUXd2Bl9cWUR0JiRXc577yniwq46le_-y8yiokRuV8pjmMc1kft-dF3XJX4qwIs5c9I4VRIizgOuSXssndh_siSVQFebW4kIWa-gveM5hI9gpgVnJ2Uku8ec7XU_hZ5XQt1ntcoqV-_zYdZRVlSsS8zgzZ85ZWiywlbnXFxZQY9vSs6MZ0vzvoei53-t4fZ50JthtoJ8Q0XpFvd_p_U49csuSZXkg-cXBuhvlwQbr6WqWse0J62I5697i2UfopIeJ9chJldqZ5xyWVt6t2tv_4W_Q3zaurojbtv3i-oWuWQVwFZil1Rvc0QzFeFQ-ZfmI2n8olsSx8S1W4JdsIviIrblZX59OyF60Mqk0-jIjx5vZp8ztSdkp4-S8dOijB0zmW8r2SXvU8Voflie9n0jwq0g8eae9Ss-qYXav3Bqbyjgolaf4fhW3s2oJ-3m1s9MYrXwBQWUR2gb7SW3wevSkJBsMsyIcQS-pRnlvavmWfRWw20jefq1tjxR083qvWIgv70urS-gx-y7Ox7cj0oWhjZFRb45bw-RvgIZ-Fkvx3Fke3b8oBvkxBka4RWda1Mvrhx1wFp1l7Wdy_jXrzwMWdQt0W",
    "id_token": "eyJhbGciOiJSUzI1NiIsImtpZCI6IjVhYWZmNDdjMjFkMDZlMjY2Y2NlMzk1YjIxNDVjN2M2ZDQ3MzBlYTUiLCJ0eXAiOiJKV1QifQ.eyJhdWQiOiIzMjU1NTk0MDU1OS5hcHBzLmdvb2dsZXVzZXJjb250ZW50LmNvbSIsImF6cCI6IjExMTMxNzIwNjExMDQ3MzM5OTIwMyIsImV4cCI6MTcyNzgyNjU5NSwiaWF0IjoxNzI3ODIyOTk1LCJpc3MiOiJodHRwczovL2FjY291bnRzLmdvb2dsZS5jb20iLCJzdWIiOiIxMTEzMTcyMDYxMTA0NzMzOTkyMDMifQ.YCwu9Ko3VzBm2RSGEcdHlaIuV-S669VFnFd2y23ELJt2alCwtwnYSCJ1HZvga9y7lb7u8mEMgRQpYBt9QmFqJ7GbTDrXD44MF-GmgDc_s36xIOAQ09yWNRBFKIg0EGN-Mqh2TcG5LZjFaOtn_tca8HJgRewnHvKDgSjR_WNWLXvlAtA-etQTcidQ9d99153YqbiLhdEm0-3KaDaM2m1EPaZut8PpYw7qKi71N3njzGvOfrKgSr8FzYnWtmjO3E-Uen10IaLlmMdZmdY1mFj9YLTp00FSBVkipHqmj0pEs3aLZ-WvBT7eErOcjPDuSGQA9QtcmKzJKP-zg_JdHrkFPA",
    "token_expiry": "2024-10-01T23:49:29Z"
  },
  "sentinels": {
    "config_sentinel": "/home/jupyter/.config/gcloud/config_sentinel"
  }
}
2024-10-01 22:50:49,003 INFO     ___FILE_ONLY___ 

2024-10-01 22:50:49,003 DEBUG    root            SDK update checks are disabled.
